{"level":"info","message":"GET /api/v1/upload/singleRoom/bagbazar-near-mall"}
{"level":"info","message":"GET /api/v1/upload/singleRoom/bagbazar-near-mall"}
{"level":"info","message":"GET /api/v1/upload/singleRoom/bagbazar-near-mall"}
{"level":"info","message":"GET /api/v1/upload/singleRoom/bagbazar-near-mall"}
{"level":"info","message":"GET /api/v1/upload/singleRoom/bagbazar-near-mall"}
{"level":"info","message":"GET /api/v1/upload/singleRoom/bagbazar-near-mall"}
{"level":"info","message":"GET /api/v1/category/allCategory"}
{"level":"info","message":"GET /api/v1/upload/getAllRoom"}
{"level":"info","message":"GET /api/v1/upload/singleRoom/kathamndu"}
{"level":"info","message":"GET /api/v1/category/allCategory"}
{"level":"info","message":"GET /api/v1/upload/getAllRoom"}
{"level":"info","message":"GET /api/v1/upload/singleRoom/kathamndu-1"}
{"level":"info","message":"GET /api/v1/category/allCategory"}
{"level":"info","message":"GET /api/v1/upload/getAllRoom"}
{"level":"info","message":"GET /api/v1/auth/proctedRoute"}
{"level":"info","message":"GET /api/v1/upload/roomCount"}
{"level":"info","message":"GET /api/v1/upload/roomCount"}
{"level":"info","message":"GET /api/v1/upload/roomCount"}
{"level":"info","message":"GET /api/v1/upload/roomCount"}
{"level":"info","message":"GET /api/v1/upload/roomCount"}
{"level":"info","message":"GET /api/v1/upload/roomCount"}
{"level":"info","message":"GET /api/v1/upload/roomCount"}
{"level":"info","message":"GET /api/v1/upload/roomCount"}
{"level":"info","message":"GET /api/v1/upload/roomCount"}
{"level":"info","message":"GET /api/v1/upload/roomCount"}
{"level":"info","message":"GET /api/v1/category/allCategory"}
{"level":"info","message":"GET /api/v1/upload/getAllRoom"}
{"level":"info","message":"GET /api/v1/category/allCategory"}
{"level":"info","message":"GET /api/v1/upload/getAllRoom"}
{"level":"info","message":"GET /api/v1/upload/singleRoom/lalitpur"}
{"level":"info","message":"GET /api/v1/category/allCategory"}
{"level":"info","message":"GET /api/v1/upload/getAllRoom"}
{"level":"info","message":"GET /api/v1/upload/singleRoom/lalitpur"}
{"level":"info","message":"GET /api/v1/category/allCategory"}
{"level":"info","message":"GET /api/v1/upload/getAllRoom"}
{"level":"info","message":"GET /api/v1/upload/singleRoom/lalitpur"}
{"level":"info","message":"GET /api/v1/category/allCategory"}
{"level":"info","message":"GET /api/v1/upload/getAllRoom"}
{"level":"info","message":"GET /api/v1/category/allCategory"}
{"level":"info","message":"GET /api/v1/upload/getAllRoom"}
{"level":"info","message":"GET /api/v1/category/allCategory"}
{"level":"info","message":"GET /api/v1/upload/getAllRoom"}
{"level":"info","message":"GET /api/v1/upload/singleRoom/bagbazar-near-mall"}
{"level":"info","message":"GET /api/v1/category/allCategory"}
{"level":"info","message":"GET /api/v1/upload/getAllRoom"}
{"level":"info","message":"GET /api/v1/upload/getAllRoom"}
{"level":"info","message":"GET /api/v1/upload/singleRoom/bagbazar-near-mall"}
{"level":"info","message":"GET /api/v1/category/allCategory"}
{"level":"info","message":"GET /api/v1/upload/getAllRoom"}
{"level":"info","message":"GET /api/v1/category/allCategory"}
{"level":"info","message":"GET /api/v1/upload/getAllRoom"}
{"level":"info","message":"GET /api/v1/category/allCategory"}
{"level":"info","message":"GET /api/v1/upload/getAllRoom"}
{"level":"info","message":"GET /api/v1/category/allCategory"}
{"level":"info","message":"GET /api/v1/upload/getAllRoom"}
{"level":"info","message":"GET /api/v1/upload/singleRoom/lalitpur"}
{"level":"info","message":"GET /api/v1/category/allCategory"}
{"level":"info","message":"GET /api/v1/upload/getAllRoom"}
{"level":"info","message":"GET /api/v1/upload/singleRoom/bagbazar-near-mall"}
{"level":"info","message":"GET /api/v1/category/allCategory"}
{"level":"info","message":"GET /api/v1/upload/getAllRoom"}
{"level":"info","message":"GET /api/v1/upload/singleRoom/lalitpur"}
{"level":"info","message":"GET /api/v1/category/allCategory"}
{"level":"info","message":"GET /api/v1/upload/getAllRoom"}
{"level":"info","message":"GET /api/v1/upload/singleRoom/lalitpur"}
{"level":"info","message":"GET /api/v1/category/allCategory"}
{"level":"info","message":"GET /api/v1/upload/getAllRoom"}
{"level":"info","message":"GET /api/v1/upload/singleRoom/lalitpur"}
{"level":"info","message":"GET /api/v1/category/allCategory"}
{"level":"info","message":"GET /api/v1/upload/getAllRoom"}
{"level":"info","message":"GET /api/v1/upload/singleRoom/lalitpur"}
{"level":"info","message":"GET /api/v1/category/allCategory"}
{"level":"info","message":"GET /api/v1/upload/getAllRoom"}
{"level":"info","message":"GET /api/v1/upload/singleRoom/bagbazar-near-mall"}
{"level":"info","message":"GET /api/v1/category/allCategory"}
{"level":"info","message":"GET /api/v1/upload/getAllRoom"}
{"level":"info","message":"GET /api/v1/upload/singleRoom/lalitpur"}
{"level":"info","message":"GET /api/v1/category/allCategory"}
{"level":"info","message":"GET /api/v1/upload/getAllRoom"}
{"level":"info","message":"GET /api/v1/upload/singleRoom/bagbazar-near-mall"}
{"level":"info","message":"GET /api/v1/upload/singleRoom/bagbazar-near-mall"}
{"level":"info","message":"POST /api/v1/auth/login"}
{"level":"info","message":"POST /api/v1/auth/login"}
{"level":"info","message":"GET /api/v1/category/allCategory"}
{"level":"info","message":"GET /api/v1/upload/getAllRoom"}
{"level":"info","message":"GET /api/v1/category/allCategory"}
{"level":"info","message":"GET /api/v1/upload/getAllRoom"}
{"level":"info","message":"GET /api/v1/upload/singleRoom/lalitpur"}
{"level":"info","message":"GET /api/v1/category/allCategory"}
{"level":"info","message":"GET /api/v1/upload/getAllRoom"}
{"level":"info","message":"GET /api/v1/upload/getAllRoom"}
{"level":"info","message":"GET /api/v1/upload/getAllRoom"}
{"level":"info","message":"GET /api/v1/upload/getAllRoom"}
{"level":"info","message":"GET /api/v1/upload/getAllRoom"}
{"level":"info","message":"GET /api/v1/upload/getAllRoom"}
{"level":"info","message":"GET /api/v1/upload/getAllRoom"}
{"level":"info","message":"GET /api/v1/upload/getAllRoom"}
{"level":"info","message":"GET /api/v1/upload/getAllRoom"}
{"level":"info","message":"GET /api/v1/upload/getAllRoom"}
{"level":"info","message":"GET /api/v1/upload/getAllRoom"}
{"level":"info","message":"GET /api/v1/upload/getAllRoom"}
{"level":"info","message":"GET /api/v1/upload/getAllRoom"}
{"level":"info","message":"GET /api/v1/upload/getAllRoom"}
{"level":"info","message":"GET /api/v1/upload/getAllRoom"}
{"level":"info","message":"GET /api/v1/upload/getAllRoom"}
{"level":"info","message":"GET /api/v1/upload/getAllRoom"}
{"level":"info","message":"GET /api/v1/upload/getAllRoom"}
{"level":"info","message":"GET /api/v1/upload/getAllRoom"}
{"level":"info","message":"GET /api/v1/upload/getAllRoom"}
{"level":"info","message":"GET /api/v1/upload/getAllRoom"}
{"level":"info","message":"GET /api/v1/upload/singleRoom/bagbazar-near-mall"}
{"level":"info","message":"GET /api/v1/upload/singleRoom/bagbazar-near-mall"}
{"level":"info","message":"GET /api/v1/category/allCategory"}
{"level":"info","message":"GET /api/v1/upload/getAllRoom"}
{"level":"info","message":"GET /api/v1/upload/singleRoom/lalitpur"}
{"level":"info","message":"GET /api/v1/category/allCategory"}
{"level":"info","message":"GET /api/v1/upload/getAllRoom"}
{"level":"info","message":"GET /api/v1/upload/singleRoom/lalitpur"}
{"level":"info","message":"GET /api/v1/category/allCategory"}
{"level":"info","message":"GET /api/v1/upload/getAllRoom"}
{"level":"info","message":"GET /api/v1/upload/singleRoom/bagbazar-near-mall"}
{"level":"info","message":"GET /api/v1/category/allCategory"}
{"level":"info","message":"GET /api/v1/upload/getAllRoom"}
{"level":"info","message":"GET /api/v1/upload/singleRoom/lalitpur"}
{"level":"info","message":"GET /api/v1/category/allCategory"}
{"level":"info","message":"GET /api/v1/upload/getAllRoom"}
{"level":"info","message":"GET /api/v1/upload/singleRoom/bagbazar-near-mall"}
{"level":"info","message":"GET /api/v1/category/allCategory"}
{"level":"info","message":"GET /api/v1/upload/getAllRoom"}
{"level":"info","message":"GET /api/v1/upload/singleRoom/bagbazar-near-mall"}
{"level":"info","message":"GET /api/v1/upload/getAllRoom"}
{"level":"info","message":"GET /api/v1/category/allCategory"}
{"level":"info","message":"GET /api/v1/upload/singleRoom/lalitpur"}
{"level":"info","message":"GET /api/v1/category/allCategory"}
{"level":"info","message":"GET /api/v1/upload/getAllRoom"}
{"level":"info","message":"GET /api/v1/upload/singleRoom/lalitpur"}
{"level":"info","message":"GET /api/v1/category/allCategory"}
{"level":"info","message":"GET /api/v1/upload/getAllRoom"}
{"level":"info","message":"GET /api/v1/upload/singleRoom/lalitpur"}
{"level":"info","message":"GET /api/v1/category/allCategory"}
{"level":"info","message":"GET /api/v1/upload/getAllRoom"}
{"level":"info","message":"GET /api/v1/upload/singleRoom/lalitpur"}
{"level":"info","message":"GET /api/v1/category/allCategory"}
{"level":"info","message":"GET /api/v1/upload/getAllRoom"}
{"level":"info","message":"GET /api/v1/upload/singleRoom/bagbazar-near-mall"}
{"level":"info","message":"GET /api/v1/category/allCategory"}
{"level":"info","message":"GET /api/v1/upload/getAllRoom"}
{"level":"info","message":"GET /api/v1/upload/singleRoom/bagbazar-near-mall"}
{"level":"info","message":"GET /api/v1/upload/singleRoom/bagbazar-near-mall"}
{"level":"info","message":"GET /api/v1/category/allCategory"}
{"level":"info","message":"GET /api/v1/upload/getAllRoom"}
{"level":"info","message":"GET /api/v1/category/allCategory"}
{"level":"info","message":"GET /api/v1/upload/getAllRoom"}
{"level":"info","message":"GET /api/v1/category/allCategory"}
{"level":"info","message":"GET /api/v1/upload/getAllRoom"}
{"level":"info","message":"GET /api/v1/category/allCategory"}
{"level":"info","message":"GET /api/v1/upload/getAllRoom"}
{"level":"info","message":"GET /api/v1/category/allCategory"}
{"level":"info","message":"GET /api/v1/upload/getAllRoom"}
{"level":"info","message":"GET /api/v1/category/allCategory"}
{"level":"info","message":"GET /api/v1/upload/getAllRoom"}
{"level":"info","message":"GET /api/v1/category/allCategory"}
{"level":"info","message":"GET /api/v1/upload/getAllRoom"}
{"level":"info","message":"GET /api/v1/upload/singleRoom/bagbazar-near-mall"}
{"level":"info","message":"GET /api/v1/category/allCategory"}
{"level":"info","message":"GET /api/v1/upload/getAllRoom"}
{"level":"info","message":"GET /api/v1/category/allCategory"}
{"level":"info","message":"GET /api/v1/upload/getAllRoom"}
{"level":"info","message":"GET /api/v1/upload/singleRoom/bagbazar-near-mall"}
{"level":"info","message":"GET /api/v1/category/allCategory"}
{"level":"info","message":"GET /api/v1/upload/getAllRoom"}
{"level":"info","message":"GET /api/v1/category/allCategory"}
{"level":"info","message":"GET /api/v1/upload/getAllRoom"}
{"level":"info","message":"GET /api/v1/category/allCategory"}
{"level":"info","message":"GET /api/v1/upload/getAllRoom"}
{"level":"info","message":"GET /api/v1/category/allCategory"}
{"level":"info","message":"GET /api/v1/upload/getAllRoom"}
{"level":"info","message":"GET /api/v1/auth/proctedRoute"}
{"level":"info","message":"GET /api/v1/upload/roomCount"}
{"level":"info","message":"GET /api/v1/upload/roomCount"}
{"level":"info","message":"GET /api/v1/upload/roomCount"}
{"level":"info","message":"GET /api/v1/upload/roomCount"}
{"level":"info","message":"GET /api/v1/upload/roomCount"}
{"level":"info","message":"DELETE /api/v1/upload/deleteRoom/6662daaa332fe0cbe3c83792"}
{"level":"info","message":"GET /api/v1/upload/roomCount"}
{"level":"info","message":"GET /api/v1/upload/roomCount"}
{"level":"info","message":"GET /api/v1/auth/proctedRoute"}
{"level":"info","message":"GET /api/v1/upload/roomCount"}
{"level":"info","message":"GET /api/v1/upload/roomCount"}
{"level":"info","message":"POST /api/v1/auth/send-reset-link"}
{"level":"info","message":"POST /api/v1/auth/send-reset-link"}
{"level":"info","message":"POST /api/v1/auth/send-reset-link"}
{"level":"info","message":"POST /api/v1/auth/send-reset-link"}
{"level":"info","message":"GET /api/v1/auth/proctedRoute"}
{"level":"info","message":"GET /api/v1/upload/roomCount"}
{"level":"info","message":"POST /api/v1/auth/send-reset-link"}
{"level":"info","message":"POST /api/v1/auth/send-reset-link"}
{"level":"info","message":"POST /api/v1/auth/send-reset-link"}
{"level":"info","message":"GET /api/v1/upload/roomCount"}
{"level":"info","message":"POST /api/v1/auth/reset-password"}
{"level":"info","message":"GET /api/v1/auth/proctedRoute"}
{"level":"info","message":"GET /api/v1/upload/roomCount"}
{"level":"info","message":"POST /api/v1/auth/reset-password"}
{"level":"info","message":"POST /api/v1/auth/reset-password"}
{"level":"info","message":"POST /api/v1/auth/reset-password"}
{"level":"info","message":"GET /api/v1/auth/proctedRoute"}
{"level":"info","message":"GET /api/v1/upload/roomCount"}
{"level":"info","message":"POST /api/v1/auth/reset-password"}
{"level":"info","message":"POST /api/v1/auth/reset-password"}
{"level":"info","message":"POST /api/v1/auth/reset-password"}
{"level":"info","message":"POST /api/v1/auth/reset-password"}
{"level":"info","message":"GET /api/v1/auth/proctedRoute"}
{"level":"info","message":"GET /api/v1/upload/roomCount"}
{"level":"info","message":"POST /api/v1/auth/reset-password"}
{"level":"info","message":"POST /api/v1/auth/reset-password"}
{"level":"info","message":"POST /api/v1/auth/reset-password"}
{"level":"info","message":"POST /api/v1/auth/reset-password"}
{"level":"info","message":"POST /api/v1/auth/reset-password"}
{"level":"info","message":"POST /api/v1/auth/reset-password"}
{"level":"info","message":"POST /api/v1/auth/reset-password"}
{"level":"info","message":"POST /api/v1/auth/reset-password"}
{"level":"info","message":"POST /api/v1/auth/reset-password"}
{"level":"info","message":"POST /api/v1/auth/reset-password"}
{"level":"info","message":"POST /api/v1/auth/reset-password"}
{"level":"info","message":"POST /api/v1/auth/reset-password"}
{"level":"info","message":"POST /api/v1/auth/reset-password"}
{"level":"info","message":"POST /api/v1/auth/reset-password"}
{"level":"info","message":"GET /api/v1/auth/proctedRoute"}
{"level":"info","message":"GET /api/v1/upload/roomCount"}
{"level":"info","message":"POST /api/v1/auth/reset-password"}
{"level":"info","message":"POST /api/v1/auth/reset-password"}
{"level":"info","message":"GET /api/v1/auth/proctedRoute"}
{"level":"info","message":"GET /api/v1/upload/roomCount"}
{"level":"info","message":"POST /api/v1/auth/reset-password"}
{"level":"info","message":"POST /api/v1/auth/reset-password"}
{"level":"info","message":"GET /api/v1/auth/proctedRoute"}
{"level":"info","message":"GET /api/v1/upload/roomCount"}
{"level":"info","message":"GET /api/v1/auth/proctedRoute"}
{"level":"info","message":"GET /api/v1/auth/proctedRoute"}
{"level":"info","message":"GET /api/v1/auth/proctedRoute"}
{"level":"info","message":"POST /api/v1/auth/reset-password"}
{"level":"info","message":"POST /api/v1/auth/reset-password"}
{"level":"info","message":"GET /api/v1/upload/getAllRoom"}
{"level":"info","message":"GET /api/v1/category/allCategory"}
{"level":"info","message":"GET /api/v1/category/allCategory"}
{"level":"info","message":"GET /api/v1/upload/getAllRoom"}
{"level":"info","message":"GET /api/v1/category/allCategory"}
{"level":"info","message":"GET /api/v1/upload/getAllRoom"}
{"level":"info","message":"GET /api/v1/auth/proctedRoute"}
{"level":"info","message":"POST /api/v1/auth/reset-password"}
{"level":"info","message":"POST /api/v1/auth/reset-password"}
{"level":"info","message":"POST /api/v1/auth/reset-password"}
{"level":"info","message":"POST /api/v1/auth/reset-password"}
{"level":"info","message":"POST /api/v1/auth/reset-password"}
{"level":"info","message":"POST /api/v1/auth/reset-password"}
{"level":"info","message":"POST /api/v1/auth/reset-password"}
{"level":"info","message":"POST /api/v1/auth/reset-password"}
{"level":"info","message":"POST /api/v1/auth/reset-password"}
{"level":"info","message":"POST /api/v1/auth/reset-password"}
{"level":"info","message":"POST /api/v1/auth/reset-password"}
{"level":"info","message":"POST /api/v1/auth/reset-password"}
{"level":"info","message":"POST /api/v1/auth/reset-password"}
{"level":"info","message":"POST /api/v1/auth/reset-password"}
{"level":"info","message":"POST /api/v1/auth/reset-password"}
{"level":"info","message":"POST /api/v1/auth/reset-password"}
{"level":"info","message":"GET /api/v1/auth/proctedRoute"}
{"level":"info","message":"POST /api/v1/auth/reset-password"}
{"level":"info","message":"GET /api/v1/category/allCategory"}
{"level":"info","message":"GET /api/v1/upload/getAllRoom"}
{"level":"info","message":"GET /api/v1/auth/proctedRoute"}
{"level":"info","message":"POST /api/v1/auth/reset-password"}
{"level":"info","message":"POST /api/v1/auth/reset-password"}
{"level":"info","message":"POST /api/v1/auth/reset-password"}
{"level":"info","message":"POST /api/v1/auth/reset-password"}
{"level":"info","message":"GET /api/v1/auth/proctedRoute"}
{"level":"info","message":"POST /api/v1/auth/reset-password"}
{"level":"info","message":"POST /api/v1/auth/reset-password"}
{"level":"info","message":"POST /api/v1/auth/reset-password"}
{"level":"info","message":"GET /api/v1/auth/proctedRoute"}
{"level":"info","message":"GET /api/v1/auth/proctedRoute"}
{"level":"info","message":"GET /api/v1/auth/proctedRoute"}
{"level":"info","message":"GET /api/v1/auth/proctedRoute"}
{"level":"info","message":"GET /api/v1/auth/proctedRoute"}
{"level":"info","message":"POST /api/v1/auth/reset-password"}
{"level":"info","message":"POST /api/v1/auth/reset-password"}
{"level":"info","message":"POST /api/v1/auth/reset-password"}
{"level":"info","message":"POST /api/v1/auth/reset-password"}
{"level":"info","message":"POST /api/v1/auth/reset-password"}
{"level":"info","message":"POST /api/v1/auth/reset-password"}
{"level":"info","message":"POST /api/v1/auth/send-reset-link"}
{"level":"info","message":"POST /api/v1/auth/send-reset-link"}
{"level":"info","message":"GET /api/v1/auth/proctedRoute"}
{"level":"info","message":"POST /api/v1/auth/send-reset-link"}
{"level":"info","message":"GET /api/v1/upload/getAllRoom"}
{"level":"info","message":"GET /api/v1/category/allCategory"}
{"level":"info","message":"GET /api/v1/auth/proctedRoute"}
{"level":"info","message":"GET /api/v1/category/allCategory"}
{"level":"info","message":"GET /api/v1/upload/getAllRoom"}
{"level":"info","message":"GET /api/v1/auth/proctedRoute"}
{"level":"info","message":"POST /api/v1/auth/send-reset-link"}
{"level":"info","message":"GET /api/v1/category/allCategory"}
{"level":"info","message":"GET /api/v1/upload/getAllRoom"}
{"level":"info","message":"GET /api/v1/auth/proctedRoute"}
{"level":"info","message":"POST /api/v1/auth/send-reset-link"}
{"level":"info","message":"POST /api/v1/auth/send-reset-link"}
{"level":"info","message":"GET /api/v1/category/allCategory"}
{"level":"info","message":"GET /api/v1/upload/getAllRoom"}
{"level":"info","message":"GET /api/v1/category/allCategory"}
{"level":"info","message":"GET /api/v1/upload/getAllRoom"}
{"level":"info","message":"GET /api/v1/category/allCategory"}
{"level":"info","message":"GET /api/v1/upload/getAllRoom"}
{"level":"info","message":"POST /api/v1/auth/login"}
{"level":"info","message":"GET /api/v1/category/allCategory"}
{"level":"info","message":"POST /api/v1/upload/uploadimg"}
{"level":"info","message":"GET /api/v1/auth/admin"}
{"level":"info","message":"GET /api/v1/upload/totalRoomCount"}
{"level":"info","message":"GET /api/v1/auth/totalUsers"}
{"level":"info","message":"GET /api/v1/auth/getAllUsers"}
{"level":"info","message":"GET /api/v1/upload/getAllRoomByAdmin"}
{"level":"info","message":"GET /api/v1/auth/getAllUsers"}
{"level":"info","message":"GET /api/v1/category/allCategory"}
{"level":"info","message":"GET /api/v1/upload/getAllRoomByAdmin"}
{"level":"info","message":"GET /api/v1/auth/getAllUsers"}
{"level":"info","message":"GET /api/v1/upload/getAllRoomByAdmin"}
{"level":"info","message":"PUT /api/v1/upload/updateRoomByAdmin/668131d4966b10acfa132c6a"}
{"level":"info","message":"GET /api/v1/upload/totalRoomCount"}
{"level":"info","message":"GET /api/v1/auth/totalUsers"}
{"level":"info","message":"GET /api/v1/category/allCategory"}
{"level":"info","message":"GET /api/v1/upload/getAllRoom"}
{"level":"info","message":"GET /api/v1/upload/singleRoom/test"}
{"level":"info","message":"GET /api/v1/upload/singleRoom/test"}
{"level":"info","message":"GET /api/v1/category/allCategory"}
{"level":"info","message":"GET /api/v1/upload/getAllRoom"}
{"level":"info","message":"GET /api/v1/category/allCategory"}
{"level":"info","message":"GET /api/v1/upload/getAllRoom"}
{"level":"info","message":"GET /api/v1/category/allCategory"}
{"level":"info","message":"GET /api/v1/upload/getAllRoom"}
{"level":"info","message":"GET /api/v1/category/allCategory"}
{"level":"info","message":"GET /api/v1/upload/getAllRoom"}
{"level":"info","message":"GET /api/v1/category/allCategory"}
{"level":"info","message":"GET /api/v1/upload/getAllRoom"}
{"level":"info","message":"GET /api/v1/category/allCategory"}
{"level":"info","message":"GET /api/v1/upload/getAllRoom"}
{"level":"info","message":"POST /api/v1/auth/login"}
{"level":"info","message":"POST /api/v1/auth/login"}
{"level":"info","message":"GET /api/v1/upload/singleRoom/jwagal"}
{"level":"info","message":"GET /api/v1/upload/singleRoom/jwagal"}
{"level":"info","message":"GET /api/v1/upload/singleRoom/jwagal"}
{"level":"info","message":"GET /api/v1/upload/singleRoom/jwagal"}
{"level":"info","message":"GET /api/v1/upload/singleRoom/jwagal"}
{"level":"info","message":"GET /api/v1/upload/singleRoom/jwagal"}
{"level":"info","message":"GET /api/v1/upload/singleRoom/jwagal"}
{"level":"info","message":"GET /api/v1/upload/singleRoom/jwagal"}
{"level":"info","message":"GET /api/v1/upload/singleRoom/jwagal"}
{"level":"info","message":"GET /api/v1/upload/singleRoom/jwagal"}
{"level":"info","message":"GET /api/v1/category/allCategory"}
{"level":"info","message":"GET /api/v1/upload/getAllRoom"}
{"level":"info","message":"GET /api/v1/upload/singleRoom/jwagal"}
{"level":"info","message":"GET /api/v1/upload/singleRoom/jwagal"}
{"level":"info","message":"GET /api/v1/upload/singleRoom/jwagal"}
{"level":"info","message":"GET /api/v1/upload/singleRoom/jwagal"}
{"level":"info","message":"GET /api/v1/category/allCategory"}
{"level":"info","message":"GET /api/v1/upload/getAllRoom"}
{"level":"info","message":"GET /api/v1/upload/getAllRoom"}
{"level":"info","message":"GET /api/v1/category/allCategory"}
{"level":"info","message":"GET /api/v1/category/allCategory"}
{"level":"info","message":"GET /api/v1/upload/getAllRoom"}
{"level":"info","message":"GET /api/v1/category/allCategory"}
{"level":"info","message":"GET /api/v1/upload/getAllRoom"}
{"level":"info","message":"POST /api/v1/auth/login"}
{"level":"info","message":"POST /api/v1/auth/login"}
{"level":"info","message":"GET /api/v1/auth/proctedRoute"}
{"level":"info","message":"GET /api/v1/upload/roomCount"}
{"level":"info","message":"GET /api/v1/upload/roomCount"}
{"level":"info","message":"GET /api/v1/upload/roomCount"}
{"level":"info","message":"GET /api/v1/upload/roomCount"}
{"level":"info","message":"GET /api/v1/category/allCategory"}
{"level":"info","message":"GET /api/v1/upload/getAllRoom"}
{"level":"info","message":"GET /api/v1/category/allCategory"}
{"level":"info","message":"GET /api/v1/category/allCategory"}
{"level":"info","message":"GET /api/v1/upload/getAllRoom"}
{"level":"info","message":"GET /api/v1/category/allCategory"}
{"level":"info","message":"GET /api/v1/upload/getAllRoom"}
{"level":"info","message":"POST /api/v1/auth/login"}
{"level":"info","message":"POST /api/v1/auth/login"}
{"level":"info","message":"GET /api/v1/category/allCategory"}
{"level":"info","message":"GET /api/v1/auth/proctedRoute"}
{"level":"info","message":"GET /api/v1/upload/roomCount"}
{"level":"info","message":"GET /api/v1/upload/roomCount"}
{"level":"info","message":"GET /api/v1/upload/roomCount"}
{"level":"info","message":"GET /api/v1/upload/roomCount"}
{"level":"info","message":"GET /api/v1/category/allCategory"}
{"level":"info","message":"GET /api/v1/upload/getAllRoom"}
{"level":"info","message":"POST /api/v1/auth/signup"}
{"level":"info","message":"GET /api/v1/category/allCategory"}
{"level":"info","message":"GET /api/v1/upload/getAllRoom"}
{"level":"info","message":"POST /api/v1/auth/signup"}
{"level":"info","message":"POST /api/v1/auth/verifyOTP"}
{"level":"info","message":"POST /api/v1/auth/verifyOTP"}
{"level":"info","message":"POST /api/v1/auth/login"}
{"level":"info","message":"GET /api/v1/category/allCategory"}
{"level":"info","message":"GET /api/v1/upload/getAllRoom"}
{"level":"info","message":"GET /api/v1/category/allCategory"}
{"level":"info","message":"GET /api/v1/category/allCategory"}
{"level":"info","message":"GET /api/v1/upload/getAllRoom"}
{"level":"info","message":"GET /api/v1/upload/singleRoom/koteshwar-bhatbhateni-right-side"}
{"level":"info","message":"GET /api/v1/category/allCategory"}
{"level":"info","message":"GET /api/v1/upload/getAllRoom"}
{"level":"info","message":"GET /api/v1/category/allCategory"}
{"level":"info","message":"GET /api/v1/upload/getAllRoom"}
{"level":"info","message":"GET /api/v1/category/allCategory"}
{"level":"info","message":"GET /api/v1/upload/getAllRoom"}
{"level":"info","message":"GET /api/v1/category/allCategory"}
{"level":"info","message":"GET /api/v1/upload/getAllRoom"}
{"level":"info","message":"POST /api/v1/auth/forgotPassword"}
{"level":"info","message":"POST /api/v1/auth/forgotPassword"}
{"level":"info","message":"POST /api/v1/auth/forgotPassword"}
{"level":"info","message":"POST /api/v1/auth/forgotPassword"}
{"level":"info","message":"POST /api/v1/auth/forgotPassword"}
{"level":"info","message":"POST /api/v1/auth/forgotPassword"}
{"level":"info","message":"POST /api/v1/auth/forgotPassword"}
{"level":"info","message":"POST /api/v1/auth/forgotPassword"}
{"level":"info","message":"GET /api/v1/category/allCategory"}
{"level":"info","message":"GET /api/v1/upload/getAllRoom"}
{"level":"info","message":"POST /api/v1/auth/forgotPassword"}
{"level":"info","message":"POST /api/v1/auth/resetPassword"}
{"level":"info","message":"POST /api/v1/auth/resetPassword"}
{"level":"info","message":"POST /api/v1/auth/resetPassword"}
{"level":"info","message":"GET /api/v1/category/allCategory"}
{"level":"info","message":"GET /api/v1/upload/getAllRoom"}
{"level":"info","message":"POST /api/v1/auth/forgotPassword"}
{"level":"info","message":"POST /api/v1/auth/resetPassword"}
{"level":"info","message":"POST /api/v1/auth/resetPassword"}
{"level":"info","message":"GET /api/v1/category/allCategory"}
{"level":"info","message":"GET /api/v1/upload/getAllRoom"}
{"level":"info","message":"POST /api/v1/auth/forgotPassword"}
{"level":"info","message":"POST /api/v1/auth/resetPassword"}
{"level":"info","message":"GET /api/v1/upload/getAllRoom"}
{"level":"info","message":"GET /api/v1/category/allCategory"}
{"level":"info","message":"POST /api/v1/auth/signup"}
{"level":"info","message":"POST /api/v1/auth/signup"}
{"level":"info","message":"POST /api/v1/auth/signup"}
{"level":"info","message":"POST /api/v1/auth/signup"}
{"level":"info","message":"POST /api/v1/auth/signup"}
{"level":"info","message":"POST /api/v1/auth/login"}
{"level":"info","message":"GET /api/v1/auth/admin"}
{"level":"info","message":"GET /api/v1/upload/totalRoomCount"}
{"level":"info","message":"GET /api/v1/auth/totalUsers"}
{"level":"info","message":"GET /api/v1/auth/getAllUsers"}
{"level":"info","message":"GET /api/v1/upload/totalRoomCount"}
{"level":"info","message":"GET /api/v1/auth/totalUsers"}
{"level":"info","message":"GET /api/v1/category/allCategory"}
{"level":"info","message":"GET /api/v1/upload/getAllRoom"}
{"level":"info","message":"GET /api/v1/category/allCategory"}
{"level":"info","message":"GET /api/v1/upload/getAllRoom"}
{"level":"info","message":"POST /api/v1/auth/forgotPassword"}
{"level":"info","message":"GET /api/v1/category/allCategory"}
{"level":"info","message":"GET /api/v1/upload/getAllRoom"}
{"level":"info","message":"GET /api/v1/category/allCategory"}
{"level":"info","message":"GET /api/v1/upload/getAllRoom"}
{"level":"info","message":"POST /api/v1/auth/signup"}
{"level":"info","message":"POST /api/v1/auth/verifyOTP"}
{"level":"info","message":"POST /api/v1/auth/login"}
{"level":"info","message":"POST /api/v1/auth/login"}
{"level":"info","message":"POST /api/v1/auth/login"}
{"level":"info","message":"GET /api/v1/category/allCategory"}
{"level":"info","message":"GET /api/v1/upload/getAllRoom"}
{"level":"info","message":"POST /api/v1/auth/login"}
{"level":"info","message":"POST /api/v1/auth/login"}
{"level":"info","message":"GET /api/v1/category/allCategory"}
{"level":"info","message":"POST /api/v1/auth/forgotPassword"}
{"level":"info","message":"POST /api/v1/auth/resetPassword"}
{"level":"info","message":"POST /api/v1/auth/login"}
{"level":"info","message":"POST /api/v1/auth/login"}
{"level":"info","message":"POST /api/v1/auth/signup"}
{"level":"info","message":"POST /api/v1/auth/signup"}
{"level":"info","message":"GET /api/v1/category/allCategory"}
{"level":"info","message":"GET /api/v1/upload/getAllRoom"}
{"level":"info","message":"POST /api/v1/auth/forgotPassword"}
{"level":"info","message":"GET /api/v1/category/allCategory"}
{"level":"info","message":"GET /api/v1/upload/getAllRoom"}
{"level":"info","message":"POST /api/v1/auth/forgotPassword"}
{"level":"info","message":"POST /api/v1/auth/forgotPassword"}
{"level":"info","message":"POST /api/v1/auth/signup"}
{"level":"info","message":"POST /api/v1/auth/signup"}
{"level":"info","message":"POST /api/v1/auth/signup"}
{"level":"info","message":"POST /api/v1/auth/signup"}
{"level":"info","message":"POST /api/v1/auth/signup"}
{"level":"info","message":"POST /api/v1/auth/signup"}
{"level":"info","message":"POST /api/v1/auth/signup"}
{"level":"info","message":"POST /api/v1/auth/verifyOTP"}
{"level":"info","message":"POST /api/v1/auth/verifyOTP"}
{"level":"info","message":"GET /api/v1/category/allCategory"}
{"level":"info","message":"GET /api/v1/upload/getAllRoom"}
{"level":"info","message":"POST /api/v1/auth/signup"}
{"level":"info","message":"POST /api/v1/auth/verifyOTP"}
{"level":"info","message":"POST /api/v1/auth/login"}
{"level":"info","message":"GET /api/v1/category/allCategory"}
{"level":"info","message":"GET /api/v1/auth/proctedRoute"}
{"level":"info","message":"GET /api/v1/upload/roomCount"}
{"level":"info","message":"GET /api/v1/category/allCategory"}
{"level":"info","message":"GET /api/v1/upload/getAllRoom"}
{"level":"info","message":"GET /api/v1/auth/proctedRoute"}
{"level":"info","message":"GET /api/v1/upload/roomCount"}
{"level":"info","message":"GET /api/v1/category/allCategory"}
{"level":"info","message":"GET /api/v1/upload/getAllRoom"}
{"level":"info","message":"POST /api/v1/auth/login"}
{"level":"info","message":"GET /api/v1/auth/proctedRoute"}
{"level":"info","message":"GET /api/v1/upload/roomCount"}
{"level":"info","message":"GET /api/v1/upload/roomCount"}
{"level":"info","message":"GET /api/v1/upload/roomCount"}
{"level":"info","message":"GET /api/v1/upload/roomCount"}
{"level":"info","message":"GET /api/v1/category/allCategory"}
{"level":"info","message":"GET /api/v1/upload/getAllRoom"}
{"level":"info","message":"POST /api/v1/auth/forgotPassword"}
{"level":"info","message":"POST /api/v1/auth/signup"}
{"level":"info","message":"GET /api/v1/category/allCategory"}
{"level":"info","message":"GET /api/v1/upload/getAllRoom"}
{"level":"info","message":"POST /api/v1/auth/signup"}
{"level":"info","message":"POST /api/v1/auth/signup"}
{"level":"info","message":"GET /api/v1/category/allCategory"}
{"level":"info","message":"GET /api/v1/upload/getAllRoom"}
{"level":"info","message":"GET /api/v1/upload/singleRoom/near-children-park-hetauda-1"}
{"level":"info","message":"GET /api/v1/category/allCategory"}
{"level":"info","message":"GET /api/v1/upload/getAllRoom"}
{"level":"info","message":"GET /api/v1/upload/singleRoom/jwagal"}
{"level":"info","message":"GET /api/v1/category/allCategory"}
{"level":"info","message":"GET /api/v1/upload/getAllRoom"}
{"level":"info","message":"GET /api/v1/upload/singleRoom/near-children-park-hetauda"}
{"level":"info","message":"GET /api/v1/category/allCategory"}
{"level":"info","message":"GET /api/v1/upload/getAllRoom"}
{"level":"info","message":"GET /api/v1/upload/singleRoom/koteshwar-bhatbhateni-right-side"}
{"level":"info","message":"GET /api/v1/category/allCategory"}
{"level":"info","message":"GET /api/v1/upload/getAllRoom"}
{"level":"info","message":"GET /api/v1/upload/singleRoom/koteshwar-bhatbhateni-right-side"}
{"level":"info","message":"GET /api/v1/category/allCategory"}
{"level":"info","message":"GET /api/v1/upload/getAllRoom"}
{"level":"info","message":"GET /api/v1/upload/singleRoom/kirtpur-tenglaphat-chowk"}
{"level":"info","message":"GET /api/v1/category/allCategory"}
{"level":"info","message":"GET /api/v1/upload/getAllRoom"}
